Arguments: 
  /opt/node-v15.5.0-linux-x64/bin/node /usr/share/yarn/bin/yarn.js init

PATH: 
  /opt/node-v15.5.0-linux-x64/bin:/opt/node-v15.5.0-linux-x64/bin:/usr/local/sbin:/usr/local/bin:/usr/sbin:/usr/bin:/sbin:/bin:/usr/games:/usr/local/games:/snap/bin:/home/matheus/Android/Sdk/emulator:/home/matheus/Android/Sdk/tools:/home/matheus/Android/Sdk/tools/bin:/home/matheus/Android/Sdk/platform-tools

Yarn version: 
  1.22.5

Node version: 
  15.5.0

Platform: 
  linux x64

Trace: 
  Error: canceled
      at Interface.<anonymous> (/usr/share/yarn/lib/cli.js:137009:13)
      at Interface.emit (node:events:376:20)
      at Interface._ttyWrite (node:readline:909:16)
      at ReadStream.onkeypress (node:readline:234:10)
      at ReadStream.emit (node:events:376:20)
      at emitKeys (node:internal/readline/utils:358:14)
      at emitKeys.next (<anonymous>)
      at ReadStream.onData (node:readline:1178:36)
      at ReadStream.emit (node:events:376:20)
      at addChunk (node:internal/streams/readable:311:12)

npm manifest: 
  No manifest

yarn manifest: 
  No manifest

Lockfile: 
  No lockfile
